This file contains any messages produced by compilers while
running configure, to aid debugging if configure makes a mistake.

It was created by package-unused configure version-unused, which was
generated by GNU Autoconf 2.64.  Invocation command line was

  $ /home/vanessa/.cargo/registry/src/github.com-1ecc6299db9ec823/backtrace-sys-0.1.11/src/libbacktrace/configure --with-pic --disable-multilib --disable-shared --disable-host-shared --host=x86_64-unknown-linux-gnu --build=x86_64-unknown-linux-gnu

## --------- ##
## Platform. ##
## --------- ##

hostname = thinkpad
uname -m = x86_64
uname -r = 4.10.0-26-generic
uname -s = Linux
uname -v = #30-Ubuntu SMP Tue Jun 27 09:30:12 UTC 2017

/usr/bin/uname -p = unknown
/bin/uname -X     = unknown

/bin/arch              = unknown
/usr/bin/arch -k       = unknown
/usr/convex/getsysinfo = unknown
/usr/bin/hostinfo      = unknown
/bin/machine           = unknown
/usr/bin/oslevel       = unknown
/bin/universe          = unknown

PATH: /home/vanessa/.cargo/bin
PATH: /home/vanessa/.conda/bin
PATH: /usr/local/cuda-8.0/bin
PATH: /home/vanessa/.go/bin
PATH: /home/vanessa/.julia/bin
PATH: /home/vanessa/.cargo/bin
PATH: /home/vanessa/.local/bin
PATH: /usr/local/sbin
PATH: /usr/local/bin
PATH: /usr/sbin
PATH: /usr/bin
PATH: /sbin
PATH: /bin
PATH: /usr/games
PATH: /usr/local/games
PATH: /snap/bin
PATH: /usr/local/go/bin
PATH: /usr/local/texlive/2016/bin/x86_64-linux


## ----------- ##
## Core tests. ##
## ----------- ##

configure:2524: checking build system type
configure:2538: result: x86_64-unknown-linux-gnu
configure:2558: checking host system type
configure:2571: result: x86_64-unknown-linux-gnu
configure:2591: checking target system type
configure:2604: result: x86_64-unknown-linux-gnu
configure:2641: checking for x86_64-unknown-linux-gnu-gcc
configure:2668: result: cc
configure:2937: checking for C compiler version
configure:2946: cc --version >&5
cc (Ubuntu 6.3.0-12ubuntu2) 6.3.0 20170406
Copyright (C) 2016 Free Software Foundation, Inc.
This is free software; see the source for copying conditions.  There is NO
warranty; not even for MERCHANTABILITY or FITNESS FOR A PARTICULAR PURPOSE.

configure:2957: $? = 0
configure:2946: cc -v >&5
Using built-in specs.
COLLECT_GCC=cc
COLLECT_LTO_WRAPPER=/usr/lib/gcc/x86_64-linux-gnu/6/lto-wrapper
Target: x86_64-linux-gnu
Configured with: ../src/configure -v --with-pkgversion='Ubuntu 6.3.0-12ubuntu2' --with-bugurl=file:///usr/share/doc/gcc-6/README.Bugs --enable-languages=c,ada,c++,java,go,d,fortran,objc,obj-c++ --prefix=/usr --program-suffix=-6 --program-prefix=x86_64-linux-gnu- --enable-shared --enable-linker-build-id --libexecdir=/usr/lib --without-included-gettext --enable-threads=posix --libdir=/usr/lib --enable-nls --with-sysroot=/ --enable-clocale=gnu --enable-libstdcxx-debug --enable-libstdcxx-time=yes --with-default-libstdcxx-abi=new --enable-gnu-unique-object --disable-vtable-verify --enable-libmpx --enable-plugin --enable-default-pie --with-system-zlib --disable-browser-plugin --enable-java-awt=gtk --enable-gtk-cairo --with-java-home=/usr/lib/jvm/java-1.5.0-gcj-6-amd64/jre --enable-java-home --with-jvm-root-dir=/usr/lib/jvm/java-1.5.0-gcj-6-amd64 --with-jvm-jar-dir=/usr/lib/jvm-exports/java-1.5.0-gcj-6-amd64 --with-arch-directory=amd64 --with-ecj-jar=/usr/share/java/eclipse-ecj.jar --with-target-system-zlib --enable-objc-gc=auto --enable-multiarch --disable-werror --with-arch-32=i686 --with-abi=m64 --with-multilib-list=m32,m64,mx32 --enable-multilib --with-tune=generic --enable-checking=release --build=x86_64-linux-gnu --host=x86_64-linux-gnu --target=x86_64-linux-gnu
Thread model: posix
gcc version 6.3.0 20170406 (Ubuntu 6.3.0-12ubuntu2) 
configure:2957: $? = 0
configure:2946: cc -V >&5
cc: error: unrecognized command line option '-V'
cc: fatal error: no input files
compilation terminated.
configure:2957: $? = 1
configure:2946: cc -qversion >&5
cc: error: unrecognized command line option '-qversion'; did you mean '--version'?
cc: fatal error: no input files
compilation terminated.
configure:2957: $? = 1
configure:2977: checking for C compiler default output file name
configure:2999: cc -O0 -ffunction-sections -fdata-sections -fPIC -g -m64   conftest.c  >&5
configure:3003: $? = 0
configure:3040: result: a.out
configure:3056: checking whether the C compiler works
configure:3065: ./a.out
configure:3069: $? = 0
configure:3084: result: yes
configure:3091: checking whether we are cross compiling
configure:3093: result: no
configure:3096: checking for suffix of executables
configure:3103: cc -o conftest -O0 -ffunction-sections -fdata-sections -fPIC -g -m64   conftest.c  >&5
configure:3107: $? = 0
configure:3129: result: 
configure:3135: checking for suffix of object files
configure:3157: cc -c -O0 -ffunction-sections -fdata-sections -fPIC -g -m64  conftest.c >&5
configure:3161: $? = 0
configure:3182: result: o
configure:3186: checking whether we are using the GNU C compiler
configure:3205: cc -c -O0 -ffunction-sections -fdata-sections -fPIC -g -m64  conftest.c >&5
configure:3205: $? = 0
configure:3214: result: yes
configure:3223: checking whether cc accepts -g
configure:3243: cc -c -g  conftest.c >&5
configure:3243: $? = 0
configure:3284: result: yes
configure:3301: checking for cc option to accept ISO C89
configure:3365: cc  -c -O0 -ffunction-sections -fdata-sections -fPIC -g -m64  conftest.c >&5
configure:3365: $? = 0
configure:3378: result: none needed
configure:3404: checking how to run the C preprocessor
configure:3435: cc -E  conftest.c
configure:3435: $? = 0
configure:3449: cc -E  conftest.c
conftest.c:9:28: fatal error: ac_nonexistent.h: No such file or directory
 #include <ac_nonexistent.h>
                            ^
compilation terminated.
configure:3449: $? = 1
configure: failed program was:
| /* confdefs.h */
| #define PACKAGE_NAME "package-unused"
| #define PACKAGE_TARNAME "libbacktrace"
| #define PACKAGE_VERSION "version-unused"
| #define PACKAGE_STRING "package-unused version-unused"
| #define PACKAGE_BUGREPORT ""
| #define PACKAGE_URL ""
| /* end confdefs.h.  */
| #include <ac_nonexistent.h>
configure:3474: result: cc -E
configure:3494: cc -E  conftest.c
configure:3494: $? = 0
configure:3508: cc -E  conftest.c
conftest.c:9:28: fatal error: ac_nonexistent.h: No such file or directory
 #include <ac_nonexistent.h>
                            ^
compilation terminated.
configure:3508: $? = 1
configure: failed program was:
| /* confdefs.h */
| #define PACKAGE_NAME "package-unused"
| #define PACKAGE_TARNAME "libbacktrace"
| #define PACKAGE_VERSION "version-unused"
| #define PACKAGE_STRING "package-unused version-unused"
| #define PACKAGE_BUGREPORT ""
| #define PACKAGE_URL ""
| /* end confdefs.h.  */
| #include <ac_nonexistent.h>
configure:3537: checking for grep that handles long lines and -e
configure:3595: result: /bin/grep
configure:3600: checking for egrep
configure:3662: result: /bin/grep -E
configure:3667: checking for ANSI C header files
configure:3687: cc -c -O0 -ffunction-sections -fdata-sections -fPIC -g -m64  conftest.c >&5
configure:3687: $? = 0
configure:3760: cc -o conftest -O0 -ffunction-sections -fdata-sections -fPIC -g -m64   conftest.c  >&5
configure:3760: $? = 0
configure:3760: ./conftest
configure:3760: $? = 0
configure:3771: result: yes
configure:3784: checking for sys/types.h
configure:3784: cc -c -O0 -ffunction-sections -fdata-sections -fPIC -g -m64  conftest.c >&5
configure:3784: $? = 0
configure:3784: result: yes
configure:3784: checking for sys/stat.h
configure:3784: cc -c -O0 -ffunction-sections -fdata-sections -fPIC -g -m64  conftest.c >&5
configure:3784: $? = 0
configure:3784: result: yes
configure:3784: checking for stdlib.h
configure:3784: cc -c -O0 -ffunction-sections -fdata-sections -fPIC -g -m64  conftest.c >&5
configure:3784: $? = 0
configure:3784: result: yes
configure:3784: checking for string.h
configure:3784: cc -c -O0 -ffunction-sections -fdata-sections -fPIC -g -m64  conftest.c >&5
configure:3784: $? = 0
configure:3784: result: yes
configure:3784: checking for memory.h
configure:3784: cc -c -O0 -ffunction-sections -fdata-sections -fPIC -g -m64  conftest.c >&5
configure:3784: $? = 0
configure:3784: result: yes
configure:3784: checking for strings.h
configure:3784: cc -c -O0 -ffunction-sections -fdata-sections -fPIC -g -m64  conftest.c >&5
configure:3784: $? = 0
configure:3784: result: yes
configure:3784: checking for inttypes.h
configure:3784: cc -c -O0 -ffunction-sections -fdata-sections -fPIC -g -m64  conftest.c >&5
configure:3784: $? = 0
configure:3784: result: yes
configure:3784: checking for stdint.h
configure:3784: cc -c -O0 -ffunction-sections -fdata-sections -fPIC -g -m64  conftest.c >&5
configure:3784: $? = 0
configure:3784: result: yes
configure:3784: checking for unistd.h
configure:3784: cc -c -O0 -ffunction-sections -fdata-sections -fPIC -g -m64  conftest.c >&5
configure:3784: $? = 0
configure:3784: result: yes
configure:3798: checking minix/config.h usability
configure:3798: cc -c -O0 -ffunction-sections -fdata-sections -fPIC -g -m64  conftest.c >&5
conftest.c:52:26: fatal error: minix/config.h: No such file or directory
 #include <minix/config.h>
                          ^
compilation terminated.
configure:3798: $? = 1
configure: failed program was:
| /* confdefs.h */
| #define PACKAGE_NAME "package-unused"
| #define PACKAGE_TARNAME "libbacktrace"
| #define PACKAGE_VERSION "version-unused"
| #define PACKAGE_STRING "package-unused version-unused"
| #define PACKAGE_BUGREPORT ""
| #define PACKAGE_URL ""
| #define STDC_HEADERS 1
| #define HAVE_SYS_TYPES_H 1
| #define HAVE_SYS_STAT_H 1
| #define HAVE_STDLIB_H 1
| #define HAVE_STRING_H 1
| #define HAVE_MEMORY_H 1
| #define HAVE_STRINGS_H 1
| #define HAVE_INTTYPES_H 1
| #define HAVE_STDINT_H 1
| #define HAVE_UNISTD_H 1
| /* end confdefs.h.  */
| #include <stdio.h>
| #ifdef HAVE_SYS_TYPES_H
| # include <sys/types.h>
| #endif
| #ifdef HAVE_SYS_STAT_H
| # include <sys/stat.h>
| #endif
| #ifdef STDC_HEADERS
| # include <stdlib.h>
| # include <stddef.h>
| #else
| # ifdef HAVE_STDLIB_H
| #  include <stdlib.h>
| # endif
| #endif
| #ifdef HAVE_STRING_H
| # if !defined STDC_HEADERS && defined HAVE_MEMORY_H
| #  include <memory.h>
| # endif
| # include <string.h>
| #endif
| #ifdef HAVE_STRINGS_H
| # include <strings.h>
| #endif
| #ifdef HAVE_INTTYPES_H
| # include <inttypes.h>
| #endif
| #ifdef HAVE_STDINT_H
| # include <stdint.h>
| #endif
| #ifdef HAVE_UNISTD_H
| # include <unistd.h>
| #endif
| #include <minix/config.h>
configure:3798: result: no
configure:3798: checking minix/config.h presence
configure:3798: cc -E  conftest.c
conftest.c:19:26: fatal error: minix/config.h: No such file or directory
 #include <minix/config.h>
                          ^
compilation terminated.
configure:3798: $? = 1
configure: failed program was:
| /* confdefs.h */
| #define PACKAGE_NAME "package-unused"
| #define PACKAGE_TARNAME "libbacktrace"
| #define PACKAGE_VERSION "version-unused"
| #define PACKAGE_STRING "package-unused version-unused"
| #define PACKAGE_BUGREPORT ""
| #define PACKAGE_URL ""
| #define STDC_HEADERS 1
| #define HAVE_SYS_TYPES_H 1
| #define HAVE_SYS_STAT_H 1
| #define HAVE_STDLIB_H 1
| #define HAVE_STRING_H 1
| #define HAVE_MEMORY_H 1
| #define HAVE_STRINGS_H 1
| #define HAVE_INTTYPES_H 1
| #define HAVE_STDINT_H 1
| #define HAVE_UNISTD_H 1
| /* end confdefs.h.  */
| #include <minix/config.h>
configure:3798: result: no
configure:3798: checking for minix/config.h
configure:3798: result: no
configure:3819: checking whether it is safe to define __EXTENSIONS__
configure:3837: cc -c -O0 -ffunction-sections -fdata-sections -fPIC -g -m64  conftest.c >&5
configure:3837: $? = 0
configure:3844: result: yes
configure:3887: checking for a BSD-compatible install
configure:3955: result: /usr/bin/install -c
configure:3966: checking whether build environment is sane
configure:4016: result: yes
configure:4157: checking for a thread-safe mkdir -p
configure:4196: result: /bin/mkdir -p
configure:4209: checking for gawk
configure:4239: result: no
configure:4209: checking for mawk
configure:4225: found /usr/bin/mawk
configure:4236: result: mawk
configure:4247: checking whether make sets $(MAKE)
configure:4269: result: yes
configure:4342: checking whether to enable maintainer-specific portions of Makefiles
configure:4351: result: no
configure:4385: checking for x86_64-unknown-linux-gnu-gcc
configure:4412: result: cc
configure:4681: checking for C compiler version
configure:4690: cc --version >&5
cc (Ubuntu 6.3.0-12ubuntu2) 6.3.0 20170406
Copyright (C) 2016 Free Software Foundation, Inc.
This is free software; see the source for copying conditions.  There is NO
warranty; not even for MERCHANTABILITY or FITNESS FOR A PARTICULAR PURPOSE.

configure:4701: $? = 0
configure:4690: cc -v >&5
Using built-in specs.
COLLECT_GCC=cc
COLLECT_LTO_WRAPPER=/usr/lib/gcc/x86_64-linux-gnu/6/lto-wrapper
Target: x86_64-linux-gnu
Configured with: ../src/configure -v --with-pkgversion='Ubuntu 6.3.0-12ubuntu2' --with-bugurl=file:///usr/share/doc/gcc-6/README.Bugs --enable-languages=c,ada,c++,java,go,d,fortran,objc,obj-c++ --prefix=/usr --program-suffix=-6 --program-prefix=x86_64-linux-gnu- --enable-shared --enable-linker-build-id --libexecdir=/usr/lib --without-included-gettext --enable-threads=posix --libdir=/usr/lib --enable-nls --with-sysroot=/ --enable-clocale=gnu --enable-libstdcxx-debug --enable-libstdcxx-time=yes --with-default-libstdcxx-abi=new --enable-gnu-unique-object --disable-vtable-verify --enable-libmpx --enable-plugin --enable-default-pie --with-system-zlib --disable-browser-plugin --enable-java-awt=gtk --enable-gtk-cairo --with-java-home=/usr/lib/jvm/java-1.5.0-gcj-6-amd64/jre --enable-java-home --with-jvm-root-dir=/usr/lib/jvm/java-1.5.0-gcj-6-amd64 --with-jvm-jar-dir=/usr/lib/jvm-exports/java-1.5.0-gcj-6-amd64 --with-arch-directory=amd64 --with-ecj-jar=/usr/share/java/eclipse-ecj.jar --with-target-system-zlib --enable-objc-gc=auto --enable-multiarch --disable-werror --with-arch-32=i686 --with-abi=m64 --with-multilib-list=m32,m64,mx32 --enable-multilib --with-tune=generic --enable-checking=release --build=x86_64-linux-gnu --host=x86_64-linux-gnu --target=x86_64-linux-gnu
Thread model: posix
gcc version 6.3.0 20170406 (Ubuntu 6.3.0-12ubuntu2) 
configure:4701: $? = 0
configure:4690: cc -V >&5
cc: error: unrecognized command line option '-V'
cc: fatal error: no input files
compilation terminated.
configure:4701: $? = 1
configure:4690: cc -qversion >&5
cc: error: unrecognized command line option '-qversion'; did you mean '--version'?
cc: fatal error: no input files
compilation terminated.
configure:4701: $? = 1
configure:4705: checking whether we are using the GNU C compiler
configure:4733: result: yes
configure:4742: checking whether cc accepts -g
configure:4803: result: yes
configure:4820: checking for cc option to accept ISO C89
configure:4897: result: none needed
configure:4924: checking for x86_64-unknown-linux-gnu-ranlib
configure:4954: result: no
configure:4964: checking for ranlib
configure:4980: found /usr/bin/ranlib
configure:4991: result: ranlib
configure:5018: checking for gawk
configure:5045: result: mawk
configure:5106: checking how to print strings
configure:5133: result: printf
configure:5154: checking for a sed that does not truncate output
configure:5218: result: /bin/sed
configure:5236: checking for fgrep
configure:5298: result: /bin/grep -F
configure:5333: checking for ld used by cc
configure:5400: result: /usr/bin/ld
configure:5407: checking if the linker (/usr/bin/ld) is GNU ld
configure:5422: result: yes
configure:5434: checking for BSD- or MS-compatible name lister (nm)
configure:5483: result: /usr/bin/nm -B
configure:5613: checking the name lister (/usr/bin/nm -B) interface
configure:5620: cc -c -O0 -ffunction-sections -fdata-sections -fPIC -g -m64  conftest.c >&5
configure:5623: /usr/bin/nm -B "conftest.o"
configure:5626: output
0000000000000000 B some_variable
configure:5633: result: BSD nm
configure:5636: checking whether ln -s works
configure:5640: result: yes
configure:5648: checking the maximum length of command line arguments
configure:5773: result: 1572864
configure:5790: checking whether the shell understands some XSI constructs
configure:5800: result: yes
configure:5804: checking whether the shell understands "+="
configure:5810: result: yes
configure:5845: checking for /usr/bin/ld option to reload object files
configure:5852: result: -r
configure:5881: checking for x86_64-unknown-linux-gnu-objdump
configure:5911: result: no
configure:5921: checking for objdump
configure:5937: found /usr/bin/objdump
configure:5948: result: objdump
configure:5980: checking how to recognize dependent libraries
configure:6181: result: pass_all
configure:6201: checking for x86_64-unknown-linux-gnu-ar
configure:6231: result: no
configure:6241: checking for ar
configure:6257: found /usr/bin/ar
configure:6268: result: ar
configure:6306: checking for x86_64-unknown-linux-gnu-strip
configure:6336: result: no
configure:6346: checking for strip
configure:6362: found /usr/bin/strip
configure:6373: result: strip
configure:6405: checking for x86_64-unknown-linux-gnu-ranlib
configure:6432: result: ranlib
configure:6574: checking command to parse /usr/bin/nm -B output from cc object
configure:6692: cc -c -O0 -ffunction-sections -fdata-sections -fPIC -g -m64  conftest.c >&5
configure:6695: $? = 0
configure:6699: /usr/bin/nm -B conftest.o \| sed -n -e 's/^.*[ ]\([ABCDGIRSTW][ABCDGIRSTW]*\)[ ][ ]*\([_A-Za-z][_A-Za-z0-9]*\)$/\1 \2 \2/p' \> conftest.nm
configure:6702: $? = 0
configure:6756: cc -o conftest -O0 -ffunction-sections -fdata-sections -fPIC -g -m64   conftest.c conftstm.o >&5
configure:6759: $? = 0
configure:6797: result: ok
configure:6892: cc -c -O0 -ffunction-sections -fdata-sections -fPIC -g -m64  conftest.c >&5
configure:6895: $? = 0
configure:7645: checking for dlfcn.h
configure:7645: cc -c -O0 -ffunction-sections -fdata-sections -fPIC -g -m64  conftest.c >&5
configure:7645: $? = 0
configure:7645: result: yes
configure:7832: checking for objdir
configure:7847: result: .libs
configure:8118: checking if cc supports -fno-rtti -fno-exceptions
configure:8136: cc -c -O0 -ffunction-sections -fdata-sections -fPIC -g -m64  -fno-rtti -fno-exceptions conftest.c >&5
cc1: warning: command line option '-fno-rtti' is valid for C++/ObjC++ but not for C
configure:8140: $? = 0
configure:8153: result: no
configure:8173: checking for cc option to produce PIC
configure:8459: result: -fPIC -DPIC
configure:8471: checking if cc PIC flag -fPIC -DPIC works
configure:8489: cc -c -O0 -ffunction-sections -fdata-sections -fPIC -g -m64  -fPIC -DPIC -DPIC conftest.c >&5
configure:8493: $? = 0
configure:8506: result: yes
configure:8530: checking if cc static flag -static works
configure:8558: result: yes
configure:8573: checking if cc supports -c -o file.o
configure:8594: cc -c -O0 -ffunction-sections -fdata-sections -fPIC -g -m64  -o out/conftest2.o conftest.c >&5
configure:8598: $? = 0
configure:8620: result: yes
configure:8628: checking if cc supports -c -o file.o
configure:8675: result: yes
configure:8708: checking whether the cc linker (/usr/bin/ld -m elf_x86_64) supports shared libraries
configure:9779: result: yes
configure:10024: checking dynamic linker characteristics
configure:10475: cc -o conftest -O0 -ffunction-sections -fdata-sections -fPIC -g -m64   -Wl,-rpath -Wl,/foo conftest.c  >&5
configure:10475: $? = 0
configure:10697: result: GNU/Linux ld.so
configure:10804: checking how to hardcode library paths into programs
configure:10829: result: immediate
configure:11369: checking whether stripping libraries is possible
configure:11374: result: yes
configure:11409: checking if libtool supports shared libraries
configure:11411: result: yes
configure:11414: checking whether to build shared libraries
configure:11435: result: no
configure:11438: checking whether to build static libraries
configure:11442: result: yes
configure:11486: checking unwind.h usability
configure:11486: cc -c -O0 -ffunction-sections -fdata-sections -fPIC -g -m64  conftest.c >&5
configure:11486: $? = 0
configure:11486: result: yes
configure:11486: checking unwind.h presence
configure:11486: cc -E  conftest.c
configure:11486: $? = 0
configure:11486: result: yes
configure:11486: checking for unwind.h
configure:11486: result: yes
configure:11488: checking for _Unwind_Backtrace
configure:11488: cc -o conftest -O0 -ffunction-sections -fdata-sections -fPIC -g -m64   conftest.c  >&5
configure:11488: $? = 0
configure:11488: result: yes
configure:11509: checking for -funwind-tables option
configure:11527: cc -c -O0 -ffunction-sections -fdata-sections -fPIC -g -m64 -funwind-tables  conftest.c >&5
configure:11527: $? = 0
configure:11535: result: yes
configure:11540: checking for -frandom-seed=string option
configure:11558: cc -c -O0 -ffunction-sections -fdata-sections -fPIC -g -m64 -frandom-seed=conftest.lo  conftest.c >&5
configure:11558: $? = 0
configure:11566: result: yes
configure:11593: checking whether cc supports -W
configure:11610: cc -c -W  conftest.c >&5
configure:11610: $? = 0
configure:11619: result: yes
configure:11593: checking whether cc supports -Wall
configure:11610: cc -c -Wall  conftest.c >&5
configure:11610: $? = 0
configure:11619: result: yes
configure:11593: checking whether cc supports -Wwrite-strings
configure:11610: cc -c -Wwrite-strings  conftest.c >&5
configure:11610: $? = 0
configure:11619: result: yes
configure:11593: checking whether cc supports -Wstrict-prototypes
configure:11610: cc -c -Wstrict-prototypes  conftest.c >&5
conftest.c:28:1: warning: function declaration isn't a prototype [-Wstrict-prototypes]
 main ()
 ^~~~
configure:11610: $? = 0
configure:11619: result: yes
configure:11593: checking whether cc supports -Wmissing-prototypes
configure:11610: cc -c -Wmissing-prototypes  conftest.c >&5
configure:11610: $? = 0
configure:11619: result: yes
configure:11593: checking whether cc supports -Wold-style-definition
configure:11610: cc -c -Wold-style-definition  conftest.c >&5
conftest.c: In function 'main':
conftest.c:28:1: warning: old-style function definition [-Wold-style-definition]
 main ()
 ^~~~
configure:11610: $? = 0
configure:11619: result: yes
configure:11593: checking whether cc supports -Wmissing-format-attribute
configure:11610: cc -c -Wmissing-format-attribute  conftest.c >&5
configure:11610: $? = 0
configure:11619: result: yes
configure:11593: checking whether cc supports -Wcast-qual
configure:11610: cc -c -Wcast-qual  conftest.c >&5
configure:11610: $? = 0
configure:11619: result: yes
configure:11680: checking for _Unwind_GetIPInfo
configure:11695: cc -o conftest -O0 -ffunction-sections -fdata-sections -fPIC -g -m64 -Werror-implicit-function-declaration   conftest.c  >&5
configure:11695: $? = 0
configure:11703: result: yes
configure:11723: checking __sync extensions
configure:11747: cc -o conftest -O0 -ffunction-sections -fdata-sections -fPIC -g -m64   conftest.c  >&5
configure:11747: $? = 0
configure:11756: result: yes
configure:11768: checking __atomic extensions
configure:11788: cc -o conftest -O0 -ffunction-sections -fdata-sections -fPIC -g -m64   conftest.c  >&5
configure:11788: $? = 0
configure:11797: result: yes
configure:11808: checking output filetype
configure:11825: cc -c -O0 -ffunction-sections -fdata-sections -fPIC -g -m64  conftest.c >&5
configure:11825: $? = 0
configure:11836: result: elf64
configure:11893: checking for uintmax_t
configure:11893: cc -c -O0 -ffunction-sections -fdata-sections -fPIC -g -m64  conftest.c >&5
configure:11893: $? = 0
configure:11893: cc -c -O0 -ffunction-sections -fdata-sections -fPIC -g -m64  conftest.c >&5
conftest.c: In function 'main':
conftest.c:36:24: error: expected expression before ')' token
 if (sizeof ((uintmax_t)))
                        ^
configure:11893: $? = 1
configure: failed program was:
| /* confdefs.h */
| #define PACKAGE_NAME "package-unused"
| #define PACKAGE_TARNAME "libbacktrace"
| #define PACKAGE_VERSION "version-unused"
| #define PACKAGE_STRING "package-unused version-unused"
| #define PACKAGE_BUGREPORT ""
| #define PACKAGE_URL ""
| #define STDC_HEADERS 1
| #define HAVE_SYS_TYPES_H 1
| #define HAVE_SYS_STAT_H 1
| #define HAVE_STDLIB_H 1
| #define HAVE_STRING_H 1
| #define HAVE_MEMORY_H 1
| #define HAVE_STRINGS_H 1
| #define HAVE_INTTYPES_H 1
| #define HAVE_STDINT_H 1
| #define HAVE_UNISTD_H 1
| #define __EXTENSIONS__ 1
| #define _ALL_SOURCE 1
| #define _GNU_SOURCE 1
| #define _POSIX_PTHREAD_SEMANTICS 1
| #define _TANDEM_SOURCE 1
| #define HAVE_DLFCN_H 1
| #define LT_OBJDIR ".libs/"
| #define HAVE_GETIPINFO 1
| #define HAVE_SYNC_FUNCTIONS 1
| #define HAVE_ATOMIC_FUNCTIONS 1
| #define BACKTRACE_ELF_SIZE 64
| /* end confdefs.h.  */
| #include <sys/types.h>
| #include <stdint.h>
| 
| int
| main ()
| {
| if (sizeof ((uintmax_t)))
| 	    return 0;
|   ;
|   return 0;
| }
configure:11893: result: yes
configure:11902: checking for uintptr_t
configure:11902: cc -c -O0 -ffunction-sections -fdata-sections -fPIC -g -m64  conftest.c >&5
configure:11902: $? = 0
configure:11902: cc -c -O0 -ffunction-sections -fdata-sections -fPIC -g -m64  conftest.c >&5
conftest.c: In function 'main':
conftest.c:36:24: error: expected expression before ')' token
 if (sizeof ((uintptr_t)))
                        ^
configure:11902: $? = 1
configure: failed program was:
| /* confdefs.h */
| #define PACKAGE_NAME "package-unused"
| #define PACKAGE_TARNAME "libbacktrace"
| #define PACKAGE_VERSION "version-unused"
| #define PACKAGE_STRING "package-unused version-unused"
| #define PACKAGE_BUGREPORT ""
| #define PACKAGE_URL ""
| #define STDC_HEADERS 1
| #define HAVE_SYS_TYPES_H 1
| #define HAVE_SYS_STAT_H 1
| #define HAVE_STDLIB_H 1
| #define HAVE_STRING_H 1
| #define HAVE_MEMORY_H 1
| #define HAVE_STRINGS_H 1
| #define HAVE_INTTYPES_H 1
| #define HAVE_STDINT_H 1
| #define HAVE_UNISTD_H 1
| #define __EXTENSIONS__ 1
| #define _ALL_SOURCE 1
| #define _GNU_SOURCE 1
| #define _POSIX_PTHREAD_SEMANTICS 1
| #define _TANDEM_SOURCE 1
| #define HAVE_DLFCN_H 1
| #define LT_OBJDIR ".libs/"
| #define HAVE_GETIPINFO 1
| #define HAVE_SYNC_FUNCTIONS 1
| #define HAVE_ATOMIC_FUNCTIONS 1
| #define BACKTRACE_ELF_SIZE 64
| /* end confdefs.h.  */
| #include <sys/types.h>
| #include <stdint.h>
| 
| int
| main ()
| {
| if (sizeof ((uintptr_t)))
| 	    return 0;
|   ;
|   return 0;
| }
configure:11902: result: yes
configure:11911: checking for int_least32_t
configure:11911: cc -c -O0 -ffunction-sections -fdata-sections -fPIC -g -m64  conftest.c >&5
configure:11911: $? = 0
configure:11911: cc -c -O0 -ffunction-sections -fdata-sections -fPIC -g -m64  conftest.c >&5
conftest.c: In function 'main':
conftest.c:36:28: error: expected expression before ')' token
 if (sizeof ((int_least32_t)))
                            ^
configure:11911: $? = 1
configure: failed program was:
| /* confdefs.h */
| #define PACKAGE_NAME "package-unused"
| #define PACKAGE_TARNAME "libbacktrace"
| #define PACKAGE_VERSION "version-unused"
| #define PACKAGE_STRING "package-unused version-unused"
| #define PACKAGE_BUGREPORT ""
| #define PACKAGE_URL ""
| #define STDC_HEADERS 1
| #define HAVE_SYS_TYPES_H 1
| #define HAVE_SYS_STAT_H 1
| #define HAVE_STDLIB_H 1
| #define HAVE_STRING_H 1
| #define HAVE_MEMORY_H 1
| #define HAVE_STRINGS_H 1
| #define HAVE_INTTYPES_H 1
| #define HAVE_STDINT_H 1
| #define HAVE_UNISTD_H 1
| #define __EXTENSIONS__ 1
| #define _ALL_SOURCE 1
| #define _GNU_SOURCE 1
| #define _POSIX_PTHREAD_SEMANTICS 1
| #define _TANDEM_SOURCE 1
| #define HAVE_DLFCN_H 1
| #define LT_OBJDIR ".libs/"
| #define HAVE_GETIPINFO 1
| #define HAVE_SYNC_FUNCTIONS 1
| #define HAVE_ATOMIC_FUNCTIONS 1
| #define BACKTRACE_ELF_SIZE 64
| /* end confdefs.h.  */
| #include <sys/types.h>
| #include <stdint.h>
| 
| int
| main ()
| {
| if (sizeof ((int_least32_t)))
| 	    return 0;
|   ;
|   return 0;
| }
configure:11911: result: yes
configure:11920: checking for int_fast32_t
configure:11920: cc -c -O0 -ffunction-sections -fdata-sections -fPIC -g -m64  conftest.c >&5
configure:11920: $? = 0
configure:11920: cc -c -O0 -ffunction-sections -fdata-sections -fPIC -g -m64  conftest.c >&5
conftest.c: In function 'main':
conftest.c:36:27: error: expected expression before ')' token
 if (sizeof ((int_fast32_t)))
                           ^
configure:11920: $? = 1
configure: failed program was:
| /* confdefs.h */
| #define PACKAGE_NAME "package-unused"
| #define PACKAGE_TARNAME "libbacktrace"
| #define PACKAGE_VERSION "version-unused"
| #define PACKAGE_STRING "package-unused version-unused"
| #define PACKAGE_BUGREPORT ""
| #define PACKAGE_URL ""
| #define STDC_HEADERS 1
| #define HAVE_SYS_TYPES_H 1
| #define HAVE_SYS_STAT_H 1
| #define HAVE_STDLIB_H 1
| #define HAVE_STRING_H 1
| #define HAVE_MEMORY_H 1
| #define HAVE_STRINGS_H 1
| #define HAVE_INTTYPES_H 1
| #define HAVE_STDINT_H 1
| #define HAVE_UNISTD_H 1
| #define __EXTENSIONS__ 1
| #define _ALL_SOURCE 1
| #define _GNU_SOURCE 1
| #define _POSIX_PTHREAD_SEMANTICS 1
| #define _TANDEM_SOURCE 1
| #define HAVE_DLFCN_H 1
| #define LT_OBJDIR ".libs/"
| #define HAVE_GETIPINFO 1
| #define HAVE_SYNC_FUNCTIONS 1
| #define HAVE_ATOMIC_FUNCTIONS 1
| #define BACKTRACE_ELF_SIZE 64
| /* end confdefs.h.  */
| #include <sys/types.h>
| #include <stdint.h>
| 
| int
| main ()
| {
| if (sizeof ((int_fast32_t)))
| 	    return 0;
|   ;
|   return 0;
| }
configure:11920: result: yes
configure:11929: checking for uint64_t
configure:11929: cc -c -O0 -ffunction-sections -fdata-sections -fPIC -g -m64  conftest.c >&5
configure:11929: $? = 0
configure:11929: cc -c -O0 -ffunction-sections -fdata-sections -fPIC -g -m64  conftest.c >&5
conftest.c: In function 'main':
conftest.c:36:23: error: expected expression before ')' token
 if (sizeof ((uint64_t)))
                       ^
configure:11929: $? = 1
configure: failed program was:
| /* confdefs.h */
| #define PACKAGE_NAME "package-unused"
| #define PACKAGE_TARNAME "libbacktrace"
| #define PACKAGE_VERSION "version-unused"
| #define PACKAGE_STRING "package-unused version-unused"
| #define PACKAGE_BUGREPORT ""
| #define PACKAGE_URL ""
| #define STDC_HEADERS 1
| #define HAVE_SYS_TYPES_H 1
| #define HAVE_SYS_STAT_H 1
| #define HAVE_STDLIB_H 1
| #define HAVE_STRING_H 1
| #define HAVE_MEMORY_H 1
| #define HAVE_STRINGS_H 1
| #define HAVE_INTTYPES_H 1
| #define HAVE_STDINT_H 1
| #define HAVE_UNISTD_H 1
| #define __EXTENSIONS__ 1
| #define _ALL_SOURCE 1
| #define _GNU_SOURCE 1
| #define _POSIX_PTHREAD_SEMANTICS 1
| #define _TANDEM_SOURCE 1
| #define HAVE_DLFCN_H 1
| #define LT_OBJDIR ".libs/"
| #define HAVE_GETIPINFO 1
| #define HAVE_SYNC_FUNCTIONS 1
| #define HAVE_ATOMIC_FUNCTIONS 1
| #define BACKTRACE_ELF_SIZE 64
| /* end confdefs.h.  */
| #include <sys/types.h>
| #include <stdint.h>
| 
| int
| main ()
| {
| if (sizeof ((uint64_t)))
| 	    return 0;
|   ;
|   return 0;
| }
configure:11929: result: yes
configure:12010: checking what to include in gstdint.h
configure:12038: result: stdint.h (already complete)
configure:12289: checking sys/mman.h usability
configure:12289: cc -c -O0 -ffunction-sections -fdata-sections -fPIC -g -m64  conftest.c >&5
configure:12289: $? = 0
configure:12289: result: yes
configure:12289: checking sys/mman.h presence
configure:12289: cc -E  conftest.c
configure:12289: $? = 0
configure:12289: result: yes
configure:12289: checking for sys/mman.h
configure:12289: result: yes
configure:12314: checking for mmap
configure:12314: cc -o conftest -O0 -ffunction-sections -fdata-sections -fPIC -g -m64   conftest.c  >&5
configure:12314: $? = 0
configure:12314: result: yes
configure:12337: cc -E  conftest.c
configure:12337: $? = 0
configure:12356: checking link.h usability
configure:12356: cc -c -O0 -ffunction-sections -fdata-sections -fPIC -g -m64  conftest.c >&5
configure:12356: $? = 0
configure:12356: result: yes
configure:12356: checking link.h presence
configure:12356: cc -E  conftest.c
configure:12356: $? = 0
configure:12356: result: yes
configure:12356: checking for link.h
configure:12356: result: yes
configure:12391: checking for dl_iterate_phdr
configure:12391: cc -o conftest -O0 -ffunction-sections -fdata-sections -fPIC -g -m64   conftest.c  >&5
configure:12391: $? = 0
configure:12391: result: yes
configure:12414: checking for fcntl
configure:12414: cc -o conftest -O0 -ffunction-sections -fdata-sections -fPIC -g -m64   conftest.c  >&5
configure:12414: $? = 0
configure:12414: result: yes
configure:12428: checking whether strnlen is declared
configure:12428: cc -c -O0 -ffunction-sections -fdata-sections -fPIC -g -m64  conftest.c >&5
configure:12428: $? = 0
configure:12428: result: yes
configure:12447: checking for getexecname
configure:12447: cc -o conftest -O0 -ffunction-sections -fdata-sections -fPIC -g -m64   conftest.c  >&5
/tmp/ccQV30re.o: In function `main':
/home/vanessa/programming/rust/project-init/target/debug/build/backtrace-sys-19c8c986d001d220/out/conftest.c:69: undefined reference to `getexecname'
collect2: error: ld returned 1 exit status
configure:12447: $? = 1
configure: failed program was:
| /* confdefs.h */
| #define PACKAGE_NAME "package-unused"
| #define PACKAGE_TARNAME "libbacktrace"
| #define PACKAGE_VERSION "version-unused"
| #define PACKAGE_STRING "package-unused version-unused"
| #define PACKAGE_BUGREPORT ""
| #define PACKAGE_URL ""
| #define STDC_HEADERS 1
| #define HAVE_SYS_TYPES_H 1
| #define HAVE_SYS_STAT_H 1
| #define HAVE_STDLIB_H 1
| #define HAVE_STRING_H 1
| #define HAVE_MEMORY_H 1
| #define HAVE_STRINGS_H 1
| #define HAVE_INTTYPES_H 1
| #define HAVE_STDINT_H 1
| #define HAVE_UNISTD_H 1
| #define __EXTENSIONS__ 1
| #define _ALL_SOURCE 1
| #define _GNU_SOURCE 1
| #define _POSIX_PTHREAD_SEMANTICS 1
| #define _TANDEM_SOURCE 1
| #define HAVE_DLFCN_H 1
| #define LT_OBJDIR ".libs/"
| #define HAVE_GETIPINFO 1
| #define HAVE_SYNC_FUNCTIONS 1
| #define HAVE_ATOMIC_FUNCTIONS 1
| #define BACKTRACE_ELF_SIZE 64
| #define HAVE_SYS_MMAN_H 1
| #define HAVE_LINK_H 1
| #define HAVE_DL_ITERATE_PHDR 1
| #define HAVE_FCNTL 1
| #define HAVE_DECL_STRNLEN 1
| /* end confdefs.h.  */
| /* Define getexecname to an innocuous variant, in case <limits.h> declares getexecname.
|    For example, HP-UX 11i <limits.h> declares gettimeofday.  */
| #define getexecname innocuous_getexecname
| 
| /* System header to define __stub macros and hopefully few prototypes,
|     which can conflict with char getexecname (); below.
|     Prefer <limits.h> to <assert.h> if __STDC__ is defined, since
|     <limits.h> exists even on freestanding compilers.  */
| 
| #ifdef __STDC__
| # include <limits.h>
| #else
| # include <assert.h>
| #endif
| 
| #undef getexecname
| 
| /* Override any GCC internal prototype to avoid an error.
|    Use char because int might match the return type of a GCC
|    builtin and then its argument prototype would still apply.  */
| #ifdef __cplusplus
| extern "C"
| #endif
| char getexecname ();
| /* The GNU C library defines this for functions which it implements
|     to always fail with ENOSYS.  Some functions are actually named
|     something starting with __ and the normal name is an alias.  */
| #if defined __stub_getexecname || defined __stub___getexecname
| choke me
| #endif
| 
| int
| main ()
| {
| return getexecname ();
|   ;
|   return 0;
| }
configure:12447: result: no
configure:12461: checking whether tests can run
configure:12480: cc -o conftest -O0 -ffunction-sections -fdata-sections -fPIC -g -m64   conftest.c  >&5
configure:12480: $? = 0
configure:12480: ./conftest
configure:12480: $? = 0
configure:12490: result: yes
configure:12632: creating ./config.status

## ---------------------- ##
## Running config.status. ##
## ---------------------- ##

This file was extended by package-unused config.status version-unused, which was
generated by GNU Autoconf 2.64.  Invocation command line was

  CONFIG_FILES    = 
  CONFIG_HEADERS  = 
  CONFIG_LINKS    = 
  CONFIG_COMMANDS = 
  $ ./config.status 

on thinkpad

config.status:1124: creating Makefile
config.status:1124: creating backtrace-supported.h
config.status:1124: creating config.h
config.status:1337: executing libtool commands
config.status:1337: executing gstdint.h commands
config.status:1337: executing default commands

## ---------------- ##
## Cache variables. ##
## ---------------- ##

ac_cv_build=x86_64-unknown-linux-gnu
ac_cv_c_compiler_gnu=yes
ac_cv_env_CC_set=set
ac_cv_env_CC_value=cc
ac_cv_env_CFLAGS_set=set
ac_cv_env_CFLAGS_value='-O0 -ffunction-sections -fdata-sections -fPIC -g -m64'
ac_cv_env_CPPFLAGS_set=
ac_cv_env_CPPFLAGS_value=
ac_cv_env_CPP_set=
ac_cv_env_CPP_value=
ac_cv_env_LDFLAGS_set=
ac_cv_env_LDFLAGS_value=
ac_cv_env_LIBS_set=
ac_cv_env_LIBS_value=
ac_cv_env_build_alias_set=set
ac_cv_env_build_alias_value=x86_64-unknown-linux-gnu
ac_cv_env_host_alias_set=set
ac_cv_env_host_alias_value=x86_64-unknown-linux-gnu
ac_cv_env_target_alias_set=
ac_cv_env_target_alias_value=
ac_cv_func__Unwind_Backtrace=yes
ac_cv_func_dl_iterate_phdr=yes
ac_cv_func_fcntl=yes
ac_cv_func_getexecname=no
ac_cv_func_mmap=yes
ac_cv_have_decl_strnlen=yes
ac_cv_header_dlfcn_h=yes
ac_cv_header_inttypes_h=yes
ac_cv_header_link_h=yes
ac_cv_header_memory_h=yes
ac_cv_header_minix_config_h=no
ac_cv_header_stdc=yes
ac_cv_header_stdint_h=yes
ac_cv_header_stdlib_h=yes
ac_cv_header_string_h=yes
ac_cv_header_strings_h=yes
ac_cv_header_sys_mman_h=yes
ac_cv_header_sys_stat_h=yes
ac_cv_header_sys_types_h=yes
ac_cv_header_unistd_h=yes
ac_cv_header_unwind_h=yes
ac_cv_host=x86_64-unknown-linux-gnu
ac_cv_objext=o
ac_cv_path_EGREP='/bin/grep -E'
ac_cv_path_FGREP='/bin/grep -F'
ac_cv_path_GREP=/bin/grep
ac_cv_path_SED=/bin/sed
ac_cv_path_install='/usr/bin/install -c'
ac_cv_path_mkdir=/bin/mkdir
ac_cv_prog_AWK=mawk
ac_cv_prog_CC=cc
ac_cv_prog_CPP='cc -E'
ac_cv_prog_RANLIB=ranlib
ac_cv_prog_ac_ct_AR=ar
ac_cv_prog_ac_ct_OBJDUMP=objdump
ac_cv_prog_ac_ct_RANLIB=ranlib
ac_cv_prog_ac_ct_STRIP=strip
ac_cv_prog_cc_c89=
ac_cv_prog_cc_g=yes
ac_cv_prog_make_make_set=yes
ac_cv_safe_to_define___extensions__=yes
ac_cv_target=x86_64-unknown-linux-gnu
ac_cv_type_int_fast32_t=yes
ac_cv_type_int_least32_t=yes
ac_cv_type_u_int64_t=no
ac_cv_type_uint64_t=yes
ac_cv_type_uintmax_t=yes
ac_cv_type_uintptr_t=yes
acx_cv_header_stdint=stdint.h
acx_cv_header_stdint_kind='(already complete)'
acx_cv_prog_cc_warning__W=yes
acx_cv_prog_cc_warning__Wall=yes
acx_cv_prog_cc_warning__Wcast_qual=yes
acx_cv_prog_cc_warning__Wmissing_format_attribute=yes
acx_cv_prog_cc_warning__Wmissing_prototypes=yes
acx_cv_prog_cc_warning__Wold_style_definition=yes
acx_cv_prog_cc_warning__Wstrict_prototypes=yes
acx_cv_prog_cc_warning__Wwrite_strings=yes
libbacktrace_cv_c_random_seed_string=yes
libbacktrace_cv_c_unwind_tables=yes
libbacktrace_cv_sys_atomic=yes
libbacktrace_cv_sys_filetype=elf64
libbacktrace_cv_sys_native=yes
libbacktrace_cv_sys_sync=yes
lt_cv_deplibs_check_method=pass_all
lt_cv_file_magic_cmd='$MAGIC_CMD'
lt_cv_file_magic_test_file=
lt_cv_ld_reload_flag=-r
lt_cv_nm_interface='BSD nm'
lt_cv_objdir=.libs
lt_cv_path_LD=/usr/bin/ld
lt_cv_path_NM='/usr/bin/nm -B'
lt_cv_prog_compiler_c_o=yes
lt_cv_prog_compiler_pic_works=yes
lt_cv_prog_compiler_rtti_exceptions=no
lt_cv_prog_compiler_static_works=yes
lt_cv_prog_gnu_ld=yes
lt_cv_shlibpath_overrides_runpath=yes
lt_cv_sys_global_symbol_pipe='sed -n -e '\''s/^.*[	 ]\([ABCDGIRSTW][ABCDGIRSTW]*\)[	 ][	 ]*\([_A-Za-z][_A-Za-z0-9]*\)$/\1 \2 \2/p'\'''
lt_cv_sys_global_symbol_to_c_name_address='sed -n -e '\''s/^: \([^ ]*\) $/  {\"\1\", (void *) 0},/p'\'' -e '\''s/^[ABCDGIRSTW]* \([^ ]*\) \([^ ]*\)$/  {"\2", (void *) \&\2},/p'\'''
lt_cv_sys_global_symbol_to_c_name_address_lib_prefix='sed -n -e '\''s/^: \([^ ]*\) $/  {\"\1\", (void *) 0},/p'\'' -e '\''s/^[ABCDGIRSTW]* \([^ ]*\) \(lib[^ ]*\)$/  {"\2", (void *) \&\2},/p'\'' -e '\''s/^[ABCDGIRSTW]* \([^ ]*\) \([^ ]*\)$/  {"lib\2", (void *) \&\2},/p'\'''
lt_cv_sys_global_symbol_to_cdecl='sed -n -e '\''s/^T .* \(.*\)$/extern int \1();/p'\'' -e '\''s/^[ABCDGIRSTW]* .* \(.*\)$/extern char \1;/p'\'''
lt_cv_sys_max_cmd_len=1572864

## ----------------- ##
## Output variables. ##
## ----------------- ##

ACLOCAL='${SHELL} /home/vanessa/.cargo/registry/src/github.com-1ecc6299db9ec823/backtrace-sys-0.1.11/src/libbacktrace/missing --run aclocal-1.11'
ALLOC_FILE='mmap.lo'
AMTAR='$${TAR-tar}'
AR='ar'
AUTOCONF='${SHELL} /home/vanessa/.cargo/registry/src/github.com-1ecc6299db9ec823/backtrace-sys-0.1.11/src/libbacktrace/missing --run autoconf'
AUTOHEADER='${SHELL} /home/vanessa/.cargo/registry/src/github.com-1ecc6299db9ec823/backtrace-sys-0.1.11/src/libbacktrace/missing --run autoheader'
AUTOMAKE='${SHELL} /home/vanessa/.cargo/registry/src/github.com-1ecc6299db9ec823/backtrace-sys-0.1.11/src/libbacktrace/missing --run automake-1.11'
AWK='mawk'
BACKTRACE_FILE='backtrace.lo simple.lo'
BACKTRACE_SUPPORTED='1'
BACKTRACE_SUPPORTS_DATA='1'
BACKTRACE_SUPPORTS_THREADS='1'
BACKTRACE_USES_MALLOC='0'
CC='cc'
CFLAGS='-O0 -ffunction-sections -fdata-sections -fPIC -g -m64'
CPP='cc -E'
CPPFLAGS=''
CYGPATH_W='echo'
DEFS='-DHAVE_CONFIG_H'
DSYMUTIL=''
DUMPBIN=''
ECHO_C=''
ECHO_N='-n'
ECHO_T=''
EGREP='/bin/grep -E'
EXEEXT=''
EXTRA_FLAGS='-funwind-tables -frandom-seed=$@'
FGREP='/bin/grep -F'
FORMAT_FILE='elf.lo'
GREP='/bin/grep'
INSTALL_DATA='${INSTALL} -m 644'
INSTALL_PROGRAM='${INSTALL}'
INSTALL_SCRIPT='${INSTALL}'
INSTALL_STRIP_PROGRAM='$(install_sh) -c -s'
LD='/usr/bin/ld -m elf_x86_64'
LDFLAGS=''
LIBOBJS=''
LIBS=''
LIBTOOL='$(SHELL) $(top_builddir)/libtool'
LIPO=''
LN_S='ln -s'
LTLIBOBJS=''
MAINT='#'
MAINTAINER_MODE_FALSE=''
MAINTAINER_MODE_TRUE='#'
MAKEINFO='${SHELL} /home/vanessa/.cargo/registry/src/github.com-1ecc6299db9ec823/backtrace-sys-0.1.11/src/libbacktrace/missing --run makeinfo'
MKDIR_P='/bin/mkdir -p'
NATIVE_FALSE='#'
NATIVE_TRUE=''
NM='/usr/bin/nm -B'
NMEDIT=''
OBJDUMP='objdump'
OBJEXT='o'
OTOOL64=''
OTOOL=''
PACKAGE='libbacktrace'
PACKAGE_BUGREPORT=''
PACKAGE_NAME='package-unused'
PACKAGE_STRING='package-unused version-unused'
PACKAGE_TARNAME='libbacktrace'
PACKAGE_URL=''
PACKAGE_VERSION='version-unused'
PATH_SEPARATOR=':'
PIC_FLAG='-fPIC'
RANLIB='ranlib'
SED='/bin/sed'
SET_MAKE=''
SHELL='/bin/bash'
STRIP='strip'
VERSION='version-unused'
VIEW_FILE='mmapio.lo'
WARN_FLAGS='-W -Wall -Wwrite-strings -Wstrict-prototypes -Wmissing-prototypes -Wold-style-definition -Wmissing-format-attribute -Wcast-qual'
ac_ct_CC=''
ac_ct_DUMPBIN=''
am__EXEEXT_FALSE=''
am__EXEEXT_TRUE='#'
am__isrc=' -I$(srcdir)'
am__leading_dot='.'
am__tar='$${TAR-tar} chof - "$$tardir"'
am__untar='$${TAR-tar} xf -'
bindir='${exec_prefix}/bin'
build='x86_64-unknown-linux-gnu'
build_alias='x86_64-unknown-linux-gnu'
build_cpu='x86_64'
build_os='linux-gnu'
build_vendor='unknown'
datadir='${datarootdir}'
datarootdir='${prefix}/share'
docdir='${datarootdir}/doc/${PACKAGE_TARNAME}'
dvidir='${docdir}'
exec_prefix='${prefix}'
host='x86_64-unknown-linux-gnu'
host_alias='x86_64-unknown-linux-gnu'
host_cpu='x86_64'
host_os='linux-gnu'
host_vendor='unknown'
htmldir='${docdir}'
includedir='${prefix}/include'
infodir='${datarootdir}/info'
install_sh='${SHELL} /home/vanessa/.cargo/registry/src/github.com-1ecc6299db9ec823/backtrace-sys-0.1.11/src/libbacktrace/install-sh'
libdir='${exec_prefix}/lib'
libexecdir='${exec_prefix}/libexec'
libtool_VERSION='1:0:0'
localedir='${datarootdir}/locale'
localstatedir='${prefix}/var'
mandir='${datarootdir}/man'
mkdir_p='/bin/mkdir -p'
multi_basedir=''
oldincludedir='/usr/include'
pdfdir='${docdir}'
prefix='/usr/local'
program_transform_name='s,x,x,'
psdir='${docdir}'
sbindir='${exec_prefix}/sbin'
sharedstatedir='${prefix}/com'
sysconfdir='${prefix}/etc'
target='x86_64-unknown-linux-gnu'
target_alias='x86_64-unknown-linux-gnu'
target_cpu='x86_64'
target_os='linux-gnu'
target_vendor='unknown'

## ----------- ##
## confdefs.h. ##
## ----------- ##

/* confdefs.h */
#define PACKAGE_NAME "package-unused"
#define PACKAGE_TARNAME "libbacktrace"
#define PACKAGE_VERSION "version-unused"
#define PACKAGE_STRING "package-unused version-unused"
#define PACKAGE_BUGREPORT ""
#define PACKAGE_URL ""
#define STDC_HEADERS 1
#define HAVE_SYS_TYPES_H 1
#define HAVE_SYS_STAT_H 1
#define HAVE_STDLIB_H 1
#define HAVE_STRING_H 1
#define HAVE_MEMORY_H 1
#define HAVE_STRINGS_H 1
#define HAVE_INTTYPES_H 1
#define HAVE_STDINT_H 1
#define HAVE_UNISTD_H 1
#define __EXTENSIONS__ 1
#define _ALL_SOURCE 1
#define _GNU_SOURCE 1
#define _POSIX_PTHREAD_SEMANTICS 1
#define _TANDEM_SOURCE 1
#define HAVE_DLFCN_H 1
#define LT_OBJDIR ".libs/"
#define HAVE_GETIPINFO 1
#define HAVE_SYNC_FUNCTIONS 1
#define HAVE_ATOMIC_FUNCTIONS 1
#define BACKTRACE_ELF_SIZE 64
#define HAVE_SYS_MMAN_H 1
#define HAVE_LINK_H 1
#define HAVE_DL_ITERATE_PHDR 1
#define HAVE_FCNTL 1
#define HAVE_DECL_STRNLEN 1

configure: exit 0
